 
 -------------- celery@yellowjacket v5.6.2 (recovery)
--- ***** ----- 
-- ******* ---- Linux-6.17.0-14-generic-x86_64-with-glibc2.39 2026-03-12 04:49:24
- *** --- * --- 
- ** ---------- [config]
- ** ---------- .> app:         harpoon2:0x7c85295c1010
- ** ---------- .> transport:   redis://localhost:6379/0
- ** ---------- .> results:     redis://localhost:6379/0
- *** --- * --- .> concurrency: 12 (prefork)
-- ******* ---- .> task events: OFF (enable -E to monitor tasks in this worker)
--- ***** ----- 
 -------------- [queues]
                .> celery           exchange=celery(direct) key=celery
                

[tasks]
  . entities.tasks.assign_items_to_downloaders
  . entities.tasks.poll_manager
  . entities.tasks.poll_managers
  . entities.tasks.queue_cronjob
  . itemqueue.tasks.check_downloader_failures
  . itemqueue.tasks.check_downloaders
  . itemqueue.tasks.check_stalled_transfers
  . itemqueue.tasks.postprocess_item
  . itemqueue.tasks.transfer_files_async

[2026-03-12 04:49:25,435: INFO/MainProcess] Connected to redis://localhost:6379/0
[2026-03-12 04:49:25,437: INFO/MainProcess] mingle: searching for neighbors
[2026-03-12 04:49:26,447: INFO/MainProcess] mingle: all alone
[2026-03-12 04:49:26,472: INFO/MainProcess] celery@yellowjacket ready.
[2026-03-12 04:49:34,585: INFO/MainProcess] Task itemqueue.tasks.transfer_files_async[acd04b33-4129-41ed-8be2-9377e84692ca] received
[2026-03-12 04:49:36,070: WARNING/ForkPoolWorker-7] /home/linuxbrew/.linuxbrew/lib/python3.14/site-packages/urllib3/connectionpool.py:1097: InsecureRequestWarning: Unverified HTTPS request is being made to host 'black.seedhost.eu'. Adding certificate verification is strongly advised. See: https://urllib3.readthedocs.io/en/latest/advanced-usage.html#tls-warnings
  warnings.warn(

[2026-03-12 04:49:36,593: WARNING/ForkPoolWorker-7] /home/linuxbrew/.linuxbrew/lib/python3.14/site-packages/urllib3/connectionpool.py:1097: InsecureRequestWarning: Unverified HTTPS request is being made to host 'black.seedhost.eu'. Adding certificate verification is strongly advised. See: https://urllib3.readthedocs.io/en/latest/advanced-usage.html#tls-warnings
  warnings.warn(

[2026-03-12 04:49:36,999: INFO/ForkPoolWorker-7] Connected (version 2.0, client OpenSSH_8.9p1)
[2026-03-12 04:49:37,681: INFO/ForkPoolWorker-7] Authentication (publickey) successful!
[2026-03-12 04:49:38,178: INFO/ForkPoolWorker-7] [chan 0] Opened sftp connection (server version 3)
[2026-03-12 04:49:38,318: INFO/ForkPoolWorker-7] Created folder for item: /home/willow/mnt/twilightsparkle/processing/downloads/adult/Futanari.25.10.17.Amirah.Adara.Black.Angel.And.Dolly.X.Exposed.XXX.1080p.MP4.FETiSH
[2026-03-12 04:49:39,357: INFO/ForkPoolWorker-7] Found 1 files to transfer (including nested directories)
[2026-03-12 04:49:39,484: INFO/ForkPoolWorker-7] Created 1 FileTransfer records upfront (skipped 0)
[2026-03-12 04:49:39,492: INFO/ForkPoolWorker-7] SFTP: /home29/destron23/downloads/usenet/adult/Futanari.25.10.17.Amirah.Adara.Black.Angel.And.Dolly.X.Exposed.XXX.1080p.MP4.FETiSH/Futanari.25.10.17.Amirah.Adara.Black.Angel.And.Dolly.X.Exposed.XXX.1080p.MP4.FETiSH.mp4 -> /home/willow/mnt/twilightsparkle/processing/downloads/adult/Futanari.25.10.17.Amirah.Adara.Black.Angel.And.Dolly.X.Exposed.XXX.1080p.MP4.FETiSH/Futanari.25.10.17.Amirah.Adara.Black.Angel.And.Dolly.X.Exposed.XXX.1080p.MP4.FETiSH.mp4 (619.7MB)
[2026-03-12 04:51:15,463: INFO/ForkPoolWorker-7] [chan 0] sftp session closed.
[2026-03-12 04:51:15,463: INFO/ForkPoolWorker-7] Async transfer complete for Futanari.25.10.17.Amirah.Adara.Black.Angel.And.Dolly.X.Exposed.XXX.1080p.MP4.FETiSH (1 files)
[2026-03-12 04:51:15,472: INFO/ForkPoolWorker-7] Processing RAR archives in: /home/willow/mnt/twilightsparkle/processing/downloads/adult/Futanari.25.10.17.Amirah.Adara.Black.Angel.And.Dolly.X.Exposed.XXX.1080p.MP4.FETiSH
[2026-03-12 04:51:15,484: INFO/ForkPoolWorker-7] RAR processing completed: No RAR archives found
[2026-03-12 04:51:15,485: INFO/ForkPoolWorker-7] Task itemqueue.tasks.transfer_files_async[acd04b33-4129-41ed-8be2-9377e84692ca] succeeded in 99.91046358599851s: None
[2026-03-12 04:57:35,269: INFO/MainProcess] Task itemqueue.tasks.check_downloaders[e4bd6653-aec9-4da0-a963-6b4b317ec8eb] received
[2026-03-12 04:57:42,650: WARNING/ForkPoolWorker-7] /home/linuxbrew/.linuxbrew/lib/python3.14/site-packages/urllib3/connectionpool.py:1097: InsecureRequestWarning: Unverified HTTPS request is being made to host 'black.seedhost.eu'. Adding certificate verification is strongly advised. See: https://urllib3.readthedocs.io/en/latest/advanced-usage.html#tls-warnings
  warnings.warn(

[2026-03-12 04:57:43,153: INFO/MainProcess] Task itemqueue.tasks.postprocess_item[d15fc377-026a-4a6a-a479-966d8ab470da] received
[2026-03-12 04:57:43,316: INFO/ForkPoolWorker-7] Task itemqueue.tasks.check_downloaders[e4bd6653-aec9-4da0-a963-6b4b317ec8eb] succeeded in 7.056041414994979s: None
[2026-03-12 04:57:43,557: WARNING/ForkPoolWorker-8] /home/linuxbrew/.linuxbrew/lib/python3.14/site-packages/urllib3/connectionpool.py:1097: InsecureRequestWarning: Unverified HTTPS request is being made to host 'black.seedhost.eu'. Adding certificate verification is strongly advised. See: https://urllib3.readthedocs.io/en/latest/advanced-usage.html#tls-warnings
  warnings.warn(

[2026-03-12 04:57:44,108: WARNING/ForkPoolWorker-8] /home/linuxbrew/.linuxbrew/lib/python3.14/site-packages/urllib3/connectionpool.py:1097: InsecureRequestWarning: Unverified HTTPS request is being made to host 'black.seedhost.eu'. Adding certificate verification is strongly advised. See: https://urllib3.readthedocs.io/en/latest/advanced-usage.html#tls-warnings
  warnings.warn(

[2026-03-12 04:57:44,267: INFO/ForkPoolWorker-8] Item MyFirstSexTeacher.26.02.17.Ella.Reese.XXX.1080p.MP4.WRB ready for file transfer
[2026-03-12 04:57:44,267: INFO/ForkPoolWorker-8] Queuing async file transfer for MyFirstSexTeacher.26.02.17.Ella.Reese.XXX.1080p.MP4.WRB
[2026-03-12 04:57:44,273: INFO/MainProcess] Task itemqueue.tasks.transfer_files_async[a93c83c7-c16f-45d6-be9d-19b6c22544e5] received
[2026-03-12 04:57:44,277: INFO/ForkPoolWorker-8] Task itemqueue.tasks.postprocess_item[d15fc377-026a-4a6a-a479-966d8ab470da] succeeded in 1.123753346997546s: None
[2026-03-12 04:57:49,645: WARNING/ForkPoolWorker-7] /home/linuxbrew/.linuxbrew/lib/python3.14/site-packages/urllib3/connectionpool.py:1097: InsecureRequestWarning: Unverified HTTPS request is being made to host 'black.seedhost.eu'. Adding certificate verification is strongly advised. See: https://urllib3.readthedocs.io/en/latest/advanced-usage.html#tls-warnings
  warnings.warn(

[2026-03-12 04:57:50,143: WARNING/ForkPoolWorker-7] /home/linuxbrew/.linuxbrew/lib/python3.14/site-packages/urllib3/connectionpool.py:1097: InsecureRequestWarning: Unverified HTTPS request is being made to host 'black.seedhost.eu'. Adding certificate verification is strongly advised. See: https://urllib3.readthedocs.io/en/latest/advanced-usage.html#tls-warnings
  warnings.warn(

[2026-03-12 04:57:50,608: INFO/ForkPoolWorker-7] Connected (version 2.0, client OpenSSH_8.9p1)
[2026-03-12 04:57:51,295: INFO/ForkPoolWorker-7] Authentication (publickey) successful!
[2026-03-12 04:57:51,790: INFO/ForkPoolWorker-7] [chan 0] Opened sftp connection (server version 3)
[2026-03-12 04:57:51,930: INFO/ForkPoolWorker-7] Created folder for item: /home/willow/mnt/twilightsparkle/processing/downloads/adult/MyFirstSexTeacher.26.02.17.Ella.Reese.XXX.1080p.MP4.WRB
[2026-03-12 04:57:52,953: INFO/ForkPoolWorker-7] Found 1 files to transfer (including nested directories)
[2026-03-12 04:57:53,082: INFO/ForkPoolWorker-7] Created 1 FileTransfer records upfront (skipped 0)
[2026-03-12 04:57:53,088: INFO/ForkPoolWorker-7] SFTP: /home29/destron23/downloads/usenet/adult/MyFirstSexTeacher.26.02.17.Ella.Reese.XXX.1080p.MP4.WRB/MyFirstSexTeacher.26.02.17.Ella.Reese.XXX.1080p.MP4.WRB.mp4 -> /home/willow/mnt/twilightsparkle/processing/downloads/adult/MyFirstSexTeacher.26.02.17.Ella.Reese.XXX.1080p.MP4.WRB/MyFirstSexTeacher.26.02.17.Ella.Reese.XXX.1080p.MP4.WRB.mp4 (2827.1MB)
[2026-03-12 05:05:36,630: INFO/ForkPoolWorker-7] [chan 0] sftp session closed.
[2026-03-12 05:05:36,630: INFO/ForkPoolWorker-7] Async transfer complete for MyFirstSexTeacher.26.02.17.Ella.Reese.XXX.1080p.MP4.WRB (1 files)
[2026-03-12 05:05:36,639: INFO/ForkPoolWorker-7] Processing RAR archives in: /home/willow/mnt/twilightsparkle/processing/downloads/adult/MyFirstSexTeacher.26.02.17.Ella.Reese.XXX.1080p.MP4.WRB
[2026-03-12 05:05:36,648: INFO/ForkPoolWorker-7] RAR processing completed: No RAR archives found
[2026-03-12 05:05:36,649: INFO/ForkPoolWorker-7] Task itemqueue.tasks.transfer_files_async[a93c83c7-c16f-45d6-be9d-19b6c22544e5] succeeded in 467.37498171499465s: None
